{"D:\\project-example\\src\\App.tsx": {"path":"D:\\project-example\\src\\App.tsx","statementMap":{"0":{"start":{"line":4,"column":12},"end":{"line":18,"column":1}},"1":{"start":{"line":5,"column":28},"end":{"line":5,"column":45}},"2":{"start":{"line":8,"column":2},"end":{"line":17,"column":4}},"3":{"start":{"line":12,"column":59},"end":{"line":12,"column":78}},"4":{"start":{"line":13,"column":61},"end":{"line":13,"column":80}},"5":{"start":{"line":14,"column":61},"end":{"line":14,"column":72}}},"fnMap":{"0":{"name":"(anonymous_0)","decl":{"start":{"line":4,"column":12},"end":{"line":4,"column":13}},"loc":{"start":{"line":4,"column":18},"end":{"line":18,"column":1}},"line":4},"1":{"name":"(anonymous_1)","decl":{"start":{"line":12,"column":53},"end":{"line":12,"column":54}},"loc":{"start":{"line":12,"column":59},"end":{"line":12,"column":78}},"line":12},"2":{"name":"(anonymous_2)","decl":{"start":{"line":13,"column":55},"end":{"line":13,"column":56}},"loc":{"start":{"line":13,"column":61},"end":{"line":13,"column":80}},"line":13},"3":{"name":"(anonymous_3)","decl":{"start":{"line":14,"column":55},"end":{"line":14,"column":56}},"loc":{"start":{"line":14,"column":61},"end":{"line":14,"column":72}},"line":14}},"branchMap":{},"s":{"0":1,"1":6,"2":6,"3":1,"4":1,"5":1},"f":{"0":6,"1":1,"2":1,"3":1},"b":{},"_coverageSchema":"1a1c01bbd47fc00a2c39e90264f33305004495a9","hash":"c12b8d73b04aa71b7f71e77ee5a2aee2b9f4c62e"}
,"D:\\project-example\\src\\index.tsx": {"path":"D:\\project-example\\src\\index.tsx","statementMap":{"0":{"start":{"line":7,"column":0},"end":{"line":12,"column":2}},"1":{"start":{"line":18,"column":0},"end":{"line":18,"column":18}}},"fnMap":{},"branchMap":{},"s":{"0":0,"1":0},"f":{},"b":{}}
,"D:\\project-example\\src\\component\\OTP.tsx": {"path":"D:\\project-example\\src\\component\\OTP.tsx","statementMap":{},"fnMap":{},"branchMap":{},"s":{},"f":{},"b":{}}
}
